00:14:25  INFO      =======================================================
00:14:25  INFO        NewsAPI ETL Pipeline  run_ts=20260324_001425
00:14:25  INFO      =======================================================
00:15:30  INFO      =======================================================
00:15:30  INFO        NewsAPI ETL Pipeline  run_ts=20260324_001530
00:15:30  INFO      =======================================================
00:16:51  INFO      =======================================================
00:16:51  INFO        NewsAPI ETL Pipeline  run_ts=20260324_001651
00:16:51  INFO      =======================================================
00:16:51  INFO      [1/3] EXTRACT — NewsAPI-dan xəbərlər çəkilir...
00:16:52  INFO      NewsAPI extract başladı — mövzu sayı: 5
00:16:52  INFO        Topic 'artificial intelligence': 0 xəbər çəkildi
00:16:52  INFO        Topic 'data engineering': 0 xəbər çəkildi
00:16:52  INFO        Topic 'python programming': 0 xəbər çəkildi
00:16:52  INFO        Topic 'technology': 0 xəbər çəkildi
00:16:53  INFO        Topic 'startup': 0 xəbər çəkildi
00:19:18  INFO      =======================================================
00:19:18  INFO        NewsAPI ETL Pipeline  run_ts=20260324_001918
00:19:18  INFO      =======================================================
00:19:18  INFO      [1/3] EXTRACT — NewsAPI-dan xəbərlər çəkilir...
00:19:19  INFO      NewsAPI extract başladı — mövzu sayı: 5
00:19:19  INFO        Topic 'artificial intelligence': 20 xəbər çəkildi
00:19:20  INFO        Topic 'data engineering': 20 xəbər çəkildi
00:19:20  INFO        Topic 'python programming': 20 xəbər çəkildi
00:19:20  INFO        Topic 'technology': 20 xəbər çəkildi
00:19:20  INFO        Topic 'startup': 20 xəbər çəkildi
00:19:20  INFO      Dedup: 100 → 92 (-8)
00:19:20  INFO      Extract tamamlandı: 92 xəbər → data\raw\news_20260324_001918.csv
00:19:20  INFO      [2/3] TRANSFORM — təmizlənir, sentiment hesablanır...
00:19:20  INFO      Transform: data\raw\news_20260324_001918.csv
00:19:20  INFO      ── News Quality Report ─────────────────
00:19:20  INFO        Raw rows    : 92
00:19:20  INFO        Clean rows  : 92
00:19:20  INFO        Rejected    : 0
00:19:20  INFO          null_title:               0
00:19:20  INFO          null_url:                 0
00:19:20  INFO          dup_url:                  0
00:19:20  INFO      ────────────────────────────────────────
00:19:20  INFO      [3/3] LOAD — PostgreSQL-ə yazılır...
00:19:21  INFO      Load tamamlandı.
00:19:21  INFO      =======================================================
00:19:21  INFO        Pipeline complete ✓
00:19:21  INFO        Raw xəbərlər  : 92
00:19:21  INFO        Rədd edildi   : 0
00:19:21  INFO        Clean xəbər   : 92
00:19:21  INFO        Sentiment:
00:19:21  INFO          neutral    84
00:19:21  INFO          positive   4
00:19:21  INFO          negative   4
00:19:21  INFO      =======================================================
